{
  error: Error: Oops!
      at Object.<anonymous> (E:\12\node\nodejs-course\src\app.js:63:7)
      at Module._compile (internal/modules/cjs/loader.js:1063:30)
      at Object.Module._extensions..js (internal/modules/cjs/loader.js:1092:10)
      at Module.load (internal/modules/cjs/loader.js:928:32)
      at Function.Module._load (internal/modules/cjs/loader.js:769:14)
      at Module.require (internal/modules/cjs/loader.js:952:19)
      at require (internal/modules/cjs/helpers.js:88:18)
      at Object.<anonymous> (E:\12\node\nodejs-course\src\server.js:2:13)
      at Module._compile (internal/modules/cjs/loader.js:1063:30)
      at Object.Module._extensions..js (internal/modules/cjs/loader.js:1092:10),
  level: 'error',
  message: 'uncaughtException: Oops!\n' +
    'Error: Oops!\n' +
    '    at Object.<anonymous> (E:\\12\\node\\nodejs-course\\src\\app.js:63:7)\n' +
    '    at Module._compile (internal/modules/cjs/loader.js:1063:30)\n' +
    '    at Object.Module._extensions..js (internal/modules/cjs/loader.js:1092:10)\n' +
    '    at Module.load (internal/modules/cjs/loader.js:928:32)\n' +
    '    at Function.Module._load (internal/modules/cjs/loader.js:769:14)\n' +
    '    at Module.require (internal/modules/cjs/loader.js:952:19)\n' +
    '    at require (internal/modules/cjs/helpers.js:88:18)\n' +
    '    at Object.<anonymous> (E:\\12\\node\\nodejs-course\\src\\server.js:2:13)\n' +
    '    at Module._compile (internal/modules/cjs/loader.js:1063:30)\n' +
    '    at Object.Module._extensions..js (internal/modules/cjs/loader.js:1092:10)',
  stack: 'Error: Oops!\n' +
    '    at Object.<anonymous> (E:\\12\\node\\nodejs-course\\src\\app.js:63:7)\n' +
    '    at Module._compile (internal/modules/cjs/loader.js:1063:30)\n' +
    '    at Object.Module._extensions..js (internal/modules/cjs/loader.js:1092:10)\n' +
    '    at Module.load (internal/modules/cjs/loader.js:928:32)\n' +
    '    at Function.Module._load (internal/modules/cjs/loader.js:769:14)\n' +
    '    at Module.require (internal/modules/cjs/loader.js:952:19)\n' +
    '    at require (internal/modules/cjs/helpers.js:88:18)\n' +
    '    at Object.<anonymous> (E:\\12\\node\\nodejs-course\\src\\server.js:2:13)\n' +
    '    at Module._compile (internal/modules/cjs/loader.js:1063:30)\n' +
    '    at Object.Module._extensions..js (internal/modules/cjs/loader.js:1092:10)',
  exception: true,
  date: 'Mon Oct 19 2020 22:53:26 GMT+0300 (Москва, стандартное время)',
  process: {
    pid: 5532,
    uid: null,
    gid: null,
    cwd: 'E:\\12\\node\\nodejs-course',
    execPath: 'C:\\Program Files\\nodejs\\node.exe',
    version: 'v14.13.1',
    argv: [
      'C:\\Program Files\\nodejs\\node.exe',
      'E:\\12\\node\\nodejs-course\\src\\server.js'
    ],
    memoryUsage: {
      rss: 41021440,
      heapTotal: 19828736,
      heapUsed: 12958848,
      external: 1653388,
      arrayBuffers: 25914
    }
  },
  os: { loadavg: [ 0, 0, 0 ], uptime: 48488 },
  trace: [
    {
      column: 7,
      file: 'E:\\12\\node\\nodejs-course\\src\\app.js',
      function: null,
      line: 63,
      method: null,
      native: false
    },
    {
      column: 30,
      file: 'internal/modules/cjs/loader.js',
      function: 'Module._compile',
      line: 1063,
      method: '_compile',
      native: false
    },
    {
      column: 10,
      file: 'internal/modules/cjs/loader.js',
      function: 'Module._extensions..js',
      line: 1092,
      method: '.js',
      native: false
    },
    {
      column: 32,
      file: 'internal/modules/cjs/loader.js',
      function: 'Module.load',
      line: 928,
      method: 'load',
      native: false
    },
    {
      column: 14,
      file: 'internal/modules/cjs/loader.js',
      function: 'Module._load',
      line: 769,
      method: '_load',
      native: false
    },
    {
      column: 19,
      file: 'internal/modules/cjs/loader.js',
      function: 'Module.require',
      line: 952,
      method: 'require',
      native: false
    },
    {
      column: 18,
      file: 'internal/modules/cjs/helpers.js',
      function: 'require',
      line: 88,
      method: null,
      native: false
    },
    {
      column: 13,
      file: 'E:\\12\\node\\nodejs-course\\src\\server.js',
      function: null,
      line: 2,
      method: null,
      native: false
    },
    {
      column: 30,
      file: 'internal/modules/cjs/loader.js',
      function: 'Module._compile',
      line: 1063,
      method: '_compile',
      native: false
    },
    {
      column: 10,
      file: 'internal/modules/cjs/loader.js',
      function: 'Module._extensions..js',
      line: 1092,
      method: '.js',
      native: false
    }
  ]
}
{
  level: 'error',
  message: 'Error: Oops!\n' +
    '    at Object.<anonymous> (E:\\12\\node\\nodejs-course\\src\\app.js:63:7)\n' +
    '    at Module._compile (internal/modules/cjs/loader.js:1063:30)\n' +
    '    at Object.Module._extensions..js (internal/modules/cjs/loader.js:1092:10)\n' +
    '    at Module.load (internal/modules/cjs/loader.js:928:32)\n' +
    '    at Function.Module._load (internal/modules/cjs/loader.js:769:14)\n' +
    '    at Module.require (internal/modules/cjs/loader.js:952:19)\n' +
    '    at require (internal/modules/cjs/helpers.js:88:18)\n' +
    '    at Object.<anonymous> (E:\\12\\node\\nodejs-course\\src\\server.js:2:13)\n' +
    '    at Module._compile (internal/modules/cjs/loader.js:1063:30)\n' +
    '    at Object.Module._extensions..js (internal/modules/cjs/loader.js:1092:10)'
}
{
  level: 'error',
  message: 'Unhandled Rejection at: Promise [object Promise] reason: #Error: Oops!'
}
{
  error: ReferenceError: rocess is not defined
      at Object.<anonymous> (E:\12\node\nodejs-course\src\app.js:15:1)
      at Module._compile (internal/modules/cjs/loader.js:1063:30)
      at Object.Module._extensions..js (internal/modules/cjs/loader.js:1092:10)
      at Module.load (internal/modules/cjs/loader.js:928:32)
      at Function.Module._load (internal/modules/cjs/loader.js:769:14)
      at Module.require (internal/modules/cjs/loader.js:952:19)
      at require (internal/modules/cjs/helpers.js:88:18)
      at Object.<anonymous> (E:\12\node\nodejs-course\src\server.js:2:13)
      at Module._compile (internal/modules/cjs/loader.js:1063:30)
      at Object.Module._extensions..js (internal/modules/cjs/loader.js:1092:10),
  level: 'error',
  message: 'uncaughtException: rocess is not defined\n' +
    'ReferenceError: rocess is not defined\n' +
    '    at Object.<anonymous> (E:\\12\\node\\nodejs-course\\src\\app.js:15:1)\n' +
    '    at Module._compile (internal/modules/cjs/loader.js:1063:30)\n' +
    '    at Object.Module._extensions..js (internal/modules/cjs/loader.js:1092:10)\n' +
    '    at Module.load (internal/modules/cjs/loader.js:928:32)\n' +
    '    at Function.Module._load (internal/modules/cjs/loader.js:769:14)\n' +
    '    at Module.require (internal/modules/cjs/loader.js:952:19)\n' +
    '    at require (internal/modules/cjs/helpers.js:88:18)\n' +
    '    at Object.<anonymous> (E:\\12\\node\\nodejs-course\\src\\server.js:2:13)\n' +
    '    at Module._compile (internal/modules/cjs/loader.js:1063:30)\n' +
    '    at Object.Module._extensions..js (internal/modules/cjs/loader.js:1092:10)',
  stack: 'ReferenceError: rocess is not defined\n' +
    '    at Object.<anonymous> (E:\\12\\node\\nodejs-course\\src\\app.js:15:1)\n' +
    '    at Module._compile (internal/modules/cjs/loader.js:1063:30)\n' +
    '    at Object.Module._extensions..js (internal/modules/cjs/loader.js:1092:10)\n' +
    '    at Module.load (internal/modules/cjs/loader.js:928:32)\n' +
    '    at Function.Module._load (internal/modules/cjs/loader.js:769:14)\n' +
    '    at Module.require (internal/modules/cjs/loader.js:952:19)\n' +
    '    at require (internal/modules/cjs/helpers.js:88:18)\n' +
    '    at Object.<anonymous> (E:\\12\\node\\nodejs-course\\src\\server.js:2:13)\n' +
    '    at Module._compile (internal/modules/cjs/loader.js:1063:30)\n' +
    '    at Object.Module._extensions..js (internal/modules/cjs/loader.js:1092:10)',
  exception: true,
  date: 'Mon Oct 19 2020 23:02:31 GMT+0300 (Москва, стандартное время)',
  process: {
    pid: 13868,
    uid: null,
    gid: null,
    cwd: 'E:\\12\\node\\nodejs-course',
    execPath: 'C:\\Program Files\\nodejs\\node.exe',
    version: 'v14.13.1',
    argv: [
      'C:\\Program Files\\nodejs\\node.exe',
      'E:\\12\\node\\nodejs-course\\src\\server.js'
    ],
    memoryUsage: {
      rss: 40722432,
      heapTotal: 19828736,
      heapUsed: 12695608,
      external: 1653388,
      arrayBuffers: 25914
    }
  },
  os: { loadavg: [ 0, 0, 0 ], uptime: 49033 },
  trace: [
    {
      column: 1,
      file: 'E:\\12\\node\\nodejs-course\\src\\app.js',
      function: null,
      line: 15,
      method: null,
      native: false
    },
    {
      column: 30,
      file: 'internal/modules/cjs/loader.js',
      function: 'Module._compile',
      line: 1063,
      method: '_compile',
      native: false
    },
    {
      column: 10,
      file: 'internal/modules/cjs/loader.js',
      function: 'Module._extensions..js',
      line: 1092,
      method: '.js',
      native: false
    },
    {
      column: 32,
      file: 'internal/modules/cjs/loader.js',
      function: 'Module.load',
      line: 928,
      method: 'load',
      native: false
    },
    {
      column: 14,
      file: 'internal/modules/cjs/loader.js',
      function: 'Module._load',
      line: 769,
      method: '_load',
      native: false
    },
    {
      column: 19,
      file: 'internal/modules/cjs/loader.js',
      function: 'Module.require',
      line: 952,
      method: 'require',
      native: false
    },
    {
      column: 18,
      file: 'internal/modules/cjs/helpers.js',
      function: 'require',
      line: 88,
      method: null,
      native: false
    },
    {
      column: 13,
      file: 'E:\\12\\node\\nodejs-course\\src\\server.js',
      function: null,
      line: 2,
      method: null,
      native: false
    },
    {
      column: 30,
      file: 'internal/modules/cjs/loader.js',
      function: 'Module._compile',
      line: 1063,
      method: '_compile',
      native: false
    },
    {
      column: 10,
      file: 'internal/modules/cjs/loader.js',
      function: 'Module._extensions..js',
      line: 1092,
      method: '.js',
      native: false
    }
  ]
}
{
  error: ReferenceError: rocess is not defined
      at Object.<anonymous> (E:\12\node\nodejs-course\src\app.js:15:1)
      at Module._compile (internal/modules/cjs/loader.js:1063:30)
      at Object.Module._extensions..js (internal/modules/cjs/loader.js:1092:10)
      at Module.load (internal/modules/cjs/loader.js:928:32)
      at Function.Module._load (internal/modules/cjs/loader.js:769:14)
      at Module.require (internal/modules/cjs/loader.js:952:19)
      at require (internal/modules/cjs/helpers.js:88:18)
      at Object.<anonymous> (E:\12\node\nodejs-course\src\server.js:2:13)
      at Module._compile (internal/modules/cjs/loader.js:1063:30)
      at Object.Module._extensions..js (internal/modules/cjs/loader.js:1092:10),
  level: 'error',
  message: 'uncaughtException: rocess is not defined\n' +
    'ReferenceError: rocess is not defined\n' +
    '    at Object.<anonymous> (E:\\12\\node\\nodejs-course\\src\\app.js:15:1)\n' +
    '    at Module._compile (internal/modules/cjs/loader.js:1063:30)\n' +
    '    at Object.Module._extensions..js (internal/modules/cjs/loader.js:1092:10)\n' +
    '    at Module.load (internal/modules/cjs/loader.js:928:32)\n' +
    '    at Function.Module._load (internal/modules/cjs/loader.js:769:14)\n' +
    '    at Module.require (internal/modules/cjs/loader.js:952:19)\n' +
    '    at require (internal/modules/cjs/helpers.js:88:18)\n' +
    '    at Object.<anonymous> (E:\\12\\node\\nodejs-course\\src\\server.js:2:13)\n' +
    '    at Module._compile (internal/modules/cjs/loader.js:1063:30)\n' +
    '    at Object.Module._extensions..js (internal/modules/cjs/loader.js:1092:10)',
  stack: 'ReferenceError: rocess is not defined\n' +
    '    at Object.<anonymous> (E:\\12\\node\\nodejs-course\\src\\app.js:15:1)\n' +
    '    at Module._compile (internal/modules/cjs/loader.js:1063:30)\n' +
    '    at Object.Module._extensions..js (internal/modules/cjs/loader.js:1092:10)\n' +
    '    at Module.load (internal/modules/cjs/loader.js:928:32)\n' +
    '    at Function.Module._load (internal/modules/cjs/loader.js:769:14)\n' +
    '    at Module.require (internal/modules/cjs/loader.js:952:19)\n' +
    '    at require (internal/modules/cjs/helpers.js:88:18)\n' +
    '    at Object.<anonymous> (E:\\12\\node\\nodejs-course\\src\\server.js:2:13)\n' +
    '    at Module._compile (internal/modules/cjs/loader.js:1063:30)\n' +
    '    at Object.Module._extensions..js (internal/modules/cjs/loader.js:1092:10)',
  exception: true,
  date: 'Mon Oct 19 2020 23:03:30 GMT+0300 (Москва, стандартное время)',
  process: {
    pid: 9964,
    uid: null,
    gid: null,
    cwd: 'E:\\12\\node\\nodejs-course',
    execPath: 'C:\\Program Files\\nodejs\\node.exe',
    version: 'v14.13.1',
    argv: [
      'C:\\Program Files\\nodejs\\node.exe',
      'E:\\12\\node\\nodejs-course\\src\\server.js'
    ],
    memoryUsage: {
      rss: 40837120,
      heapTotal: 19828736,
      heapUsed: 12695800,
      external: 1653388,
      arrayBuffers: 25914
    }
  },
  os: { loadavg: [ 0, 0, 0 ], uptime: 49093 },
  trace: [
    {
      column: 1,
      file: 'E:\\12\\node\\nodejs-course\\src\\app.js',
      function: null,
      line: 15,
      method: null,
      native: false
    },
    {
      column: 30,
      file: 'internal/modules/cjs/loader.js',
      function: 'Module._compile',
      line: 1063,
      method: '_compile',
      native: false
    },
    {
      column: 10,
      file: 'internal/modules/cjs/loader.js',
      function: 'Module._extensions..js',
      line: 1092,
      method: '.js',
      native: false
    },
    {
      column: 32,
      file: 'internal/modules/cjs/loader.js',
      function: 'Module.load',
      line: 928,
      method: 'load',
      native: false
    },
    {
      column: 14,
      file: 'internal/modules/cjs/loader.js',
      function: 'Module._load',
      line: 769,
      method: '_load',
      native: false
    },
    {
      column: 19,
      file: 'internal/modules/cjs/loader.js',
      function: 'Module.require',
      line: 952,
      method: 'require',
      native: false
    },
    {
      column: 18,
      file: 'internal/modules/cjs/helpers.js',
      function: 'require',
      line: 88,
      method: null,
      native: false
    },
    {
      column: 13,
      file: 'E:\\12\\node\\nodejs-course\\src\\server.js',
      function: null,
      line: 2,
      method: null,
      native: false
    },
    {
      column: 30,
      file: 'internal/modules/cjs/loader.js',
      function: 'Module._compile',
      line: 1063,
      method: '_compile',
      native: false
    },
    {
      column: 10,
      file: 'internal/modules/cjs/loader.js',
      function: 'Module._extensions..js',
      line: 1092,
      method: '.js',
      native: false
    }
  ]
}
